16:26:45 **** Incremental Build of configuration Debug for project 036_STDP_DAC ****
Info: Internal Builder is used for build
arm-atollic-eabi-gcc -c ..\src\main.c -mthumb -mcpu=cortex-m4 -mfloat-abi=hard -std=gnu11 -DSTM32F4XX -DSTM32F40XX -DUSE_STDPERIPH_DRIVER -DUSE_STM32F4_DISCOVERY -DHSE_VALUE=8000000 -I../src -I../Libraries/CMSIS/Include -I../Libraries/Device/STM32F4xx/Include -I../Libraries/STM32F4xx_StdPeriph_Driver/inc -I../Utilities/STM32F4-Discovery -O0 -ffunction-sections -fdata-sections -g -fstack-usage -Wall -specs=nano.specs -o src\main.o 
arm-atollic-eabi-gcc -o 036_STDP_DAC.elf Libraries\STM32F4xx_StdPeriph_Driver\src\misc.o Libraries\STM32F4xx_StdPeriph_Driver\src\stm32f4xx_adc.o Libraries\STM32F4xx_StdPeriph_Driver\src\stm32f4xx_can.o Libraries\STM32F4xx_StdPeriph_Driver\src\stm32f4xx_crc.o Libraries\STM32F4xx_StdPeriph_Driver\src\stm32f4xx_cryp.o Libraries\STM32F4xx_StdPeriph_Driver\src\stm32f4xx_cryp_aes.o Libraries\STM32F4xx_StdPeriph_Driver\src\stm32f4xx_cryp_des.o Libraries\STM32F4xx_StdPeriph_Driver\src\stm32f4xx_cryp_tdes.o Libraries\STM32F4xx_StdPeriph_Driver\src\stm32f4xx_dac.o Libraries\STM32F4xx_StdPeriph_Driver\src\stm32f4xx_dbgmcu.o Libraries\STM32F4xx_StdPeriph_Driver\src\stm32f4xx_dcmi.o Libraries\STM32F4xx_StdPeriph_Driver\src\stm32f4xx_dma.o Libraries\STM32F4xx_StdPeriph_Driver\src\stm32f4xx_exti.o Libraries\STM32F4xx_StdPeriph_Driver\src\stm32f4xx_flash.o Libraries\STM32F4xx_StdPeriph_Driver\src\stm32f4xx_fsmc.o Libraries\STM32F4xx_StdPeriph_Driver\src\stm32f4xx_gpio.o Libraries\STM32F4xx_StdPeriph_Driver\src\stm32f4xx_hash.o Libraries\STM32F4xx_StdPeriph_Driver\src\stm32f4xx_hash_md5.o Libraries\STM32F4xx_StdPeriph_Driver\src\stm32f4xx_hash_sha1.o Libraries\STM32F4xx_StdPeriph_Driver\src\stm32f4xx_i2c.o Libraries\STM32F4xx_StdPeriph_Driver\src\stm32f4xx_iwdg.o Libraries\STM32F4xx_StdPeriph_Driver\src\stm32f4xx_pwr.o Libraries\STM32F4xx_StdPeriph_Driver\src\stm32f4xx_rcc.o Libraries\STM32F4xx_StdPeriph_Driver\src\stm32f4xx_rng.o Libraries\STM32F4xx_StdPeriph_Driver\src\stm32f4xx_rtc.o Libraries\STM32F4xx_StdPeriph_Driver\src\stm32f4xx_sdio.o Libraries\STM32F4xx_StdPeriph_Driver\src\stm32f4xx_spi.o Libraries\STM32F4xx_StdPeriph_Driver\src\stm32f4xx_syscfg.o Libraries\STM32F4xx_StdPeriph_Driver\src\stm32f4xx_tim.o Libraries\STM32F4xx_StdPeriph_Driver\src\stm32f4xx_usart.o Libraries\STM32F4xx_StdPeriph_Driver\src\stm32f4xx_wwdg.o Utilities\STM32F4-Discovery\stm32f4_discovery.o Utilities\STM32F4-Discovery\stm32f4_discovery_audio_codec.o Utilities\STM32F4-Discovery\stm32f4_discovery_lis302dl.o src\main.o src\startup_stm32f40xx.o src\stm32f4xx_it.o src\system_stm32f4xx.o src\tiny_printf.o -mthumb -mcpu=cortex-m4 -mfloat-abi=hard -T../stm32f4_flash.ld -specs=nosys.specs -static -Wl,-cref,-u,Reset_Handler -Wl,-Map=036_STDP_DAC.map -Wl,--gc-sections -Wl,--defsym=malloc_getpagesize_P=0x80 -Wl,--start-group -lc -lm -Wl,--end-group -specs=nano.specs 
c:/program files (x86)/atollic/truestudio for stm32 9.3.0/armtools/bin/../lib/gcc/arm-atollic-eabi/6.3.1/../../../../arm-atollic-eabi/bin/ld.exe: error: Libraries\STM32F4xx_StdPeriph_Driver\src\misc.o uses VFP register arguments, 036_STDP_DAC.elf does not
c:/program files (x86)/atollic/truestudio for stm32 9.3.0/armtools/bin/../lib/gcc/arm-atollic-eabi/6.3.1/../../../../arm-atollic-eabi/bin/ld.exe: failed to merge target specific data of file Libraries\STM32F4xx_StdPeriph_Driver\src\misc.o
c:/program files (x86)/atollic/truestudio for stm32 9.3.0/armtools/bin/../lib/gcc/arm-atollic-eabi/6.3.1/../../../../arm-atollic-eabi/bin/ld.exe: error: Libraries\STM32F4xx_StdPeriph_Driver\src\stm32f4xx_adc.o uses VFP register arguments, 036_STDP_DAC.elf does not
c:/program files (x86)/atollic/truestudio for stm32 9.3.0/armtools/bin/../lib/gcc/arm-atollic-eabi/6.3.1/../../../../arm-atollic-eabi/bin/ld.exe: failed to merge target specific data of file Libraries\STM32F4xx_StdPeriph_Driver\src\stm32f4xx_adc.o
c:/program files (x86)/atollic/truestudio for stm32 9.3.0/armtools/bin/../lib/gcc/arm-atollic-eabi/6.3.1/../../../../arm-atollic-eabi/bin/ld.exe: error: Libraries\STM32F4xx_StdPeriph_Driver\src\stm32f4xx_can.o uses VFP register arguments, 036_STDP_DAC.elf does not
c:/program files (x86)/atollic/truestudio for stm32 9.3.0/armtools/bin/../lib/gcc/arm-atollic-eabi/6.3.1/../../../../arm-atollic-eabi/bin/ld.exe: failed to merge target specific data of file Libraries\STM32F4xx_StdPeriph_Driver\src\stm32f4xx_can.o
c:/program files (x86)/atollic/truestudio for stm32 9.3.0/armtools/bin/../lib/gcc/arm-atollic-eabi/6.3.1/../../../../arm-atollic-eabi/bin/ld.exe: error: Libraries\STM32F4xx_StdPeriph_Driver\src\stm32f4xx_crc.o uses VFP register arguments, 036_STDP_DAC.elf does not
c:/program files (x86)/atollic/truestudio for stm32 9.3.0/armtools/bin/../lib/gcc/arm-atollic-eabi/6.3.1/../../../../arm-atollic-eabi/bin/ld.exe: failed to merge target specific data of file Libraries\STM32F4xx_StdPeriph_Driver\src\stm32f4xx_crc.o
c:/program files (x86)/atollic/truestudio for stm32 9.3.0/armtools/bin/../lib/gcc/arm-atollic-eabi/6.3.1/../../../../arm-atollic-eabi/bin/ld.exe: error: Libraries\STM32F4xx_StdPeriph_Driver\src\stm32f4xx_cryp.o uses VFP register arguments, 036_STDP_DAC.elf does not
c:/program files (x86)/atollic/truestudio for stm32 9.3.0/armtools/bin/../lib/gcc/arm-atollic-eabi/6.3.1/../../../../arm-atollic-eabi/bin/ld.exe: failed to merge target specific data of file Libraries\STM32F4xx_StdPeriph_Driver\src\stm32f4xx_cryp.o
c:/program files (x86)/atollic/truestudio for stm32 9.3.0/armtools/bin/../lib/gcc/arm-atollic-eabi/6.3.1/../../../../arm-atollic-eabi/bin/ld.exe: error: Libraries\STM32F4xx_StdPeriph_Driver\src\stm32f4xx_cryp_aes.o uses VFP register arguments, 036_STDP_DAC.elf does not
c:/program files (x86)/atollic/truestudio for stm32 9.3.0/armtools/bin/../lib/gcc/arm-atollic-eabi/6.3.1/../../../../arm-atollic-eabi/bin/ld.exe: failed to merge target specific data of file Libraries\STM32F4xx_StdPeriph_Driver\src\stm32f4xx_cryp_aes.o
c:/program files (x86)/atollic/truestudio for stm32 9.3.0/armtools/bin/../lib/gcc/arm-atollic-eabi/6.3.1/../../../../arm-atollic-eabi/bin/ld.exe: error: Libraries\STM32F4xx_StdPeriph_Driver\src\stm32f4xx_cryp_des.o uses VFP register arguments, 036_STDP_DAC.elf does not
c:/program files (x86)/atollic/truestudio for stm32 9.3.0/armtools/bin/../lib/gcc/arm-atollic-eabi/6.3.1/../../../../arm-atollic-eabi/bin/ld.exe: failed to merge target specific data of file Libraries\STM32F4xx_StdPeriph_Driver\src\stm32f4xx_cryp_des.o
c:/program files (x86)/atollic/truestudio for stm32 9.3.0/armtools/bin/../lib/gcc/arm-atollic-eabi/6.3.1/../../../../arm-atollic-eabi/bin/ld.exe: error: Libraries\STM32F4xx_StdPeriph_Driver\src\stm32f4xx_cryp_tdes.o uses VFP register arguments, 036_STDP_DAC.elf does not
c:/program files (x86)/atollic/truestudio for stm32 9.3.0/armtools/bin/../lib/gcc/arm-atollic-eabi/6.3.1/../../../../arm-atollic-eabi/bin/ld.exe: failed to merge target specific data of file Libraries\STM32F4xx_StdPeriph_Driver\src\stm32f4xx_cryp_tdes.o
c:/program files (x86)/atollic/truestudio for stm32 9.3.0/armtools/bin/../lib/gcc/arm-atollic-eabi/6.3.1/../../../../arm-atollic-eabi/bin/ld.exe: error: Libraries\STM32F4xx_StdPeriph_Driver\src\stm32f4xx_dac.o uses VFP register arguments, 036_STDP_DAC.elf does not
c:/program files (x86)/atollic/truestudio for stm32 9.3.0/armtools/bin/../lib/gcc/arm-atollic-eabi/6.3.1/../../../../arm-atollic-eabi/bin/ld.exe: failed to merge target specific data of file Libraries\STM32F4xx_StdPeriph_Driver\src\stm32f4xx_dac.o
c:/program files (x86)/atollic/truestudio for stm32 9.3.0/armtools/bin/../lib/gcc/arm-atollic-eabi/6.3.1/../../../../arm-atollic-eabi/bin/ld.exe: error: Libraries\STM32F4xx_StdPeriph_Driver\src\stm32f4xx_dbgmcu.o uses VFP register arguments, 036_STDP_DAC.elf does not
c:/program files (x86)/atollic/truestudio for stm32 9.3.0/armtools/bin/../lib/gcc/arm-atollic-eabi/6.3.1/../../../../arm-atollic-eabi/bin/ld.exe: failed to merge target specific data of file Libraries\STM32F4xx_StdPeriph_Driver\src\stm32f4xx_dbgmcu.o
c:/program files (x86)/atollic/truestudio for stm32 9.3.0/armtools/bin/../lib/gcc/arm-atollic-eabi/6.3.1/../../../../arm-atollic-eabi/bin/ld.exe: error: Libraries\STM32F4xx_StdPeriph_Driver\src\stm32f4xx_dcmi.o uses VFP register arguments, 036_STDP_DAC.elf does not
c:/program files (x86)/atollic/truestudio for stm32 9.3.0/armtools/bin/../lib/gcc/arm-atollic-eabi/6.3.1/../../../../arm-atollic-eabi/bin/ld.exe: failed to merge target specific data of file Libraries\STM32F4xx_StdPeriph_Driver\src\stm32f4xx_dcmi.o
c:/program files (x86)/atollic/truestudio for stm32 9.3.0/armtools/bin/../lib/gcc/arm-atollic-eabi/6.3.1/../../../../arm-atollic-eabi/bin/ld.exe: error: Libraries\STM32F4xx_StdPeriph_Driver\src\stm32f4xx_dma.o uses VFP register arguments, 036_STDP_DAC.elf does not
c:/program files (x86)/atollic/truestudio for stm32 9.3.0/armtools/bin/../lib/gcc/arm-atollic-eabi/6.3.1/../../../../arm-atollic-eabi/bin/ld.exe: failed to merge target specific data of file Libraries\STM32F4xx_StdPeriph_Driver\src\stm32f4xx_dma.o
c:/program files (x86)/atollic/truestudio for stm32 9.3.0/armtools/bin/../lib/gcc/arm-atollic-eabi/6.3.1/../../../../arm-atollic-eabi/bin/ld.exe: error: Libraries\STM32F4xx_StdPeriph_Driver\src\stm32f4xx_exti.o uses VFP register arguments, 036_STDP_DAC.elf does not
c:/program files (x86)/atollic/truestudio for stm32 9.3.0/armtools/bin/../lib/gcc/arm-atollic-eabi/6.3.1/../../../../arm-atollic-eabi/bin/ld.exe: failed to merge target specific data of file Libraries\STM32F4xx_StdPeriph_Driver\src\stm32f4xx_exti.o
c:/program files (x86)/atollic/truestudio for stm32 9.3.0/armtools/bin/../lib/gcc/arm-atollic-eabi/6.3.1/../../../../arm-atollic-eabi/bin/ld.exe: error: Libraries\STM32F4xx_StdPeriph_Driver\src\stm32f4xx_flash.o uses VFP register arguments, 036_STDP_DAC.elf does not
c:/program files (x86)/atollic/truestudio for stm32 9.3.0/armtools/bin/../lib/gcc/arm-atollic-eabi/6.3.1/../../../../arm-atollic-eabi/bin/ld.exe: failed to merge target specific data of file Libraries\STM32F4xx_StdPeriph_Driver\src\stm32f4xx_flash.o
c:/program files (x86)/atollic/truestudio for stm32 9.3.0/armtools/bin/../lib/gcc/arm-atollic-eabi/6.3.1/../../../../arm-atollic-eabi/bin/ld.exe: error: Libraries\STM32F4xx_StdPeriph_Driver\src\stm32f4xx_fsmc.o uses VFP register arguments, 036_STDP_DAC.elf does not
c:/program files (x86)/atollic/truestudio for stm32 9.3.0/armtools/bin/../lib/gcc/arm-atollic-eabi/6.3.1/../../../../arm-atollic-eabi/bin/ld.exe: failed to merge target specific data of file Libraries\STM32F4xx_StdPeriph_Driver\src\stm32f4xx_fsmc.o
c:/program files (x86)/atollic/truestudio for stm32 9.3.0/armtools/bin/../lib/gcc/arm-atollic-eabi/6.3.1/../../../../arm-atollic-eabi/bin/ld.exe: error: Libraries\STM32F4xx_StdPeriph_Driver\src\stm32f4xx_gpio.o uses VFP register arguments, 036_STDP_DAC.elf does not
c:/program files (x86)/atollic/truestudio for stm32 9.3.0/armtools/bin/../lib/gcc/arm-atollic-eabi/6.3.1/../../../../arm-atollic-eabi/bin/ld.exe: failed to merge target specific data of file Libraries\STM32F4xx_StdPeriph_Driver\src\stm32f4xx_gpio.o
c:/program files (x86)/atollic/truestudio for stm32 9.3.0/armtools/bin/../lib/gcc/arm-atollic-eabi/6.3.1/../../../../arm-atollic-eabi/bin/ld.exe: error: Libraries\STM32F4xx_StdPeriph_Driver\src\stm32f4xx_hash.o uses VFP register arguments, 036_STDP_DAC.elf does not
c:/program files (x86)/atollic/truestudio for stm32 9.3.0/armtools/bin/../lib/gcc/arm-atollic-eabi/6.3.1/../../../../arm-atollic-eabi/bin/ld.exe: failed to merge target specific data of file Libraries\STM32F4xx_StdPeriph_Driver\src\stm32f4xx_hash.o
c:/program files (x86)/atollic/truestudio for stm32 9.3.0/armtools/bin/../lib/gcc/arm-atollic-eabi/6.3.1/../../../../arm-atollic-eabi/bin/ld.exe: error: Libraries\STM32F4xx_StdPeriph_Driver\src\stm32f4xx_hash_md5.o uses VFP register arguments, 036_STDP_DAC.elf does not
c:/program files (x86)/atollic/truestudio for stm32 9.3.0/armtools/bin/../lib/gcc/arm-atollic-eabi/6.3.1/../../../../arm-atollic-eabi/bin/ld.exe: failed to merge target specific data of file Libraries\STM32F4xx_StdPeriph_Driver\src\stm32f4xx_hash_md5.o
c:/program files (x86)/atollic/truestudio for stm32 9.3.0/armtools/bin/../lib/gcc/arm-atollic-eabi/6.3.1/../../../../arm-atollic-eabi/bin/ld.exe: error: Libraries\STM32F4xx_StdPeriph_Driver\src\stm32f4xx_hash_sha1.o uses VFP register arguments, 036_STDP_DAC.elf does not
c:/program files (x86)/atollic/truestudio for stm32 9.3.0/armtools/bin/../lib/gcc/arm-atollic-eabi/6.3.1/../../../../arm-atollic-eabi/bin/ld.exe: failed to merge target specific data of file Libraries\STM32F4xx_StdPeriph_Driver\src\stm32f4xx_hash_sha1.o
c:/program files (x86)/atollic/truestudio for stm32 9.3.0/armtools/bin/../lib/gcc/arm-atollic-eabi/6.3.1/../../../../arm-atollic-eabi/bin/ld.exe: error: Libraries\STM32F4xx_StdPeriph_Driver\src\stm32f4xx_i2c.o uses VFP register arguments, 036_STDP_DAC.elf does not
c:/program files (x86)/atollic/truestudio for stm32 9.3.0/armtools/bin/../lib/gcc/arm-atollic-eabi/6.3.1/../../../../arm-atollic-eabi/bin/ld.exe: failed to merge target specific data of file Libraries\STM32F4xx_StdPeriph_Driver\src\stm32f4xx_i2c.o
c:/program files (x86)/atollic/truestudio for stm32 9.3.0/armtools/bin/../lib/gcc/arm-atollic-eabi/6.3.1/../../../../arm-atollic-eabi/bin/ld.exe: error: Libraries\STM32F4xx_StdPeriph_Driver\src\stm32f4xx_iwdg.o uses VFP register arguments, 036_STDP_DAC.elf does not
c:/program files (x86)/atollic/truestudio for stm32 9.3.0/armtools/bin/../lib/gcc/arm-atollic-eabi/6.3.1/../../../../arm-atollic-eabi/bin/ld.exe: failed to merge target specific data of file Libraries\STM32F4xx_StdPeriph_Driver\src\stm32f4xx_iwdg.o
c:/program files (x86)/atollic/truestudio for stm32 9.3.0/armtools/bin/../lib/gcc/arm-atollic-eabi/6.3.1/../../../../arm-atollic-eabi/bin/ld.exe: error: Libraries\STM32F4xx_StdPeriph_Driver\src\stm32f4xx_pwr.o uses VFP register arguments, 036_STDP_DAC.elf does not
c:/program files (x86)/atollic/truestudio for stm32 9.3.0/armtools/bin/../lib/gcc/arm-atollic-eabi/6.3.1/../../../../arm-atollic-eabi/bin/ld.exe: failed to merge target specific data of file Libraries\STM32F4xx_StdPeriph_Driver\src\stm32f4xx_pwr.o
c:/program files (x86)/atollic/truestudio for stm32 9.3.0/armtools/bin/../lib/gcc/arm-atollic-eabi/6.3.1/../../../../arm-atollic-eabi/bin/ld.exe: error: Libraries\STM32F4xx_StdPeriph_Driver\src\stm32f4xx_rcc.o uses VFP register arguments, 036_STDP_DAC.elf does not
c:/program files (x86)/atollic/truestudio for stm32 9.3.0/armtools/bin/../lib/gcc/arm-atollic-eabi/6.3.1/../../../../arm-atollic-eabi/bin/ld.exe: failed to merge target specific data of file Libraries\STM32F4xx_StdPeriph_Driver\src\stm32f4xx_rcc.o
c:/program files (x86)/atollic/truestudio for stm32 9.3.0/armtools/bin/../lib/gcc/arm-atollic-eabi/6.3.1/../../../../arm-atollic-eabi/bin/ld.exe: error: Libraries\STM32F4xx_StdPeriph_Driver\src\stm32f4xx_rng.o uses VFP register arguments, 036_STDP_DAC.elf does not
c:/program files (x86)/atollic/truestudio for stm32 9.3.0/armtools/bin/../lib/gcc/arm-atollic-eabi/6.3.1/../../../../arm-atollic-eabi/bin/ld.exe: failed to merge target specific data of file Libraries\STM32F4xx_StdPeriph_Driver\src\stm32f4xx_rng.o
c:/program files (x86)/atollic/truestudio for stm32 9.3.0/armtools/bin/../lib/gcc/arm-atollic-eabi/6.3.1/../../../../arm-atollic-eabi/bin/ld.exe: error: Libraries\STM32F4xx_StdPeriph_Driver\src\stm32f4xx_rtc.o uses VFP register arguments, 036_STDP_DAC.elf does not
c:/program files (x86)/atollic/truestudio for stm32 9.3.0/armtools/bin/../lib/gcc/arm-atollic-eabi/6.3.1/../../../../arm-atollic-eabi/bin/ld.exe: failed to merge target specific data of file Libraries\STM32F4xx_StdPeriph_Driver\src\stm32f4xx_rtc.o
c:/program files (x86)/atollic/truestudio for stm32 9.3.0/armtools/bin/../lib/gcc/arm-atollic-eabi/6.3.1/../../../../arm-atollic-eabi/bin/ld.exe: error: Libraries\STM32F4xx_StdPeriph_Driver\src\stm32f4xx_sdio.o uses VFP register arguments, 036_STDP_DAC.elf does not
c:/program files (x86)/atollic/truestudio for stm32 9.3.0/armtools/bin/../lib/gcc/arm-atollic-eabi/6.3.1/../../../../arm-atollic-eabi/bin/ld.exe: failed to merge target specific data of file Libraries\STM32F4xx_StdPeriph_Driver\src\stm32f4xx_sdio.o
c:/program files (x86)/atollic/truestudio for stm32 9.3.0/armtools/bin/../lib/gcc/arm-atollic-eabi/6.3.1/../../../../arm-atollic-eabi/bin/ld.exe: error: Libraries\STM32F4xx_StdPeriph_Driver\src\stm32f4xx_spi.o uses VFP register arguments, 036_STDP_DAC.elf does not
c:/program files (x86)/atollic/truestudio for stm32 9.3.0/armtools/bin/../lib/gcc/arm-atollic-eabi/6.3.1/../../../../arm-atollic-eabi/bin/ld.exe: failed to merge target specific data of file Libraries\STM32F4xx_StdPeriph_Driver\src\stm32f4xx_spi.o
c:/program files (x86)/atollic/truestudio for stm32 9.3.0/armtools/bin/../lib/gcc/arm-atollic-eabi/6.3.1/../../../../arm-atollic-eabi/bin/ld.exe: error: Libraries\STM32F4xx_StdPeriph_Driver\src\stm32f4xx_syscfg.o uses VFP register arguments, 036_STDP_DAC.elf does not
c:/program files (x86)/atollic/truestudio for stm32 9.3.0/armtools/bin/../lib/gcc/arm-atollic-eabi/6.3.1/../../../../arm-atollic-eabi/bin/ld.exe: failed to merge target specific data of file Libraries\STM32F4xx_StdPeriph_Driver\src\stm32f4xx_syscfg.o
c:/program files (x86)/atollic/truestudio for stm32 9.3.0/armtools/bin/../lib/gcc/arm-atollic-eabi/6.3.1/../../../../arm-atollic-eabi/bin/ld.exe: error: Libraries\STM32F4xx_StdPeriph_Driver\src\stm32f4xx_tim.o uses VFP register arguments, 036_STDP_DAC.elf does not
c:/program files (x86)/atollic/truestudio for stm32 9.3.0/armtools/bin/../lib/gcc/arm-atollic-eabi/6.3.1/../../../../arm-atollic-eabi/bin/ld.exe: failed to merge target specific data of file Libraries\STM32F4xx_StdPeriph_Driver\src\stm32f4xx_tim.o
c:/program files (x86)/atollic/truestudio for stm32 9.3.0/armtools/bin/../lib/gcc/arm-atollic-eabi/6.3.1/../../../../arm-atollic-eabi/bin/ld.exe: error: Libraries\STM32F4xx_StdPeriph_Driver\src\stm32f4xx_usart.o uses VFP register arguments, 036_STDP_DAC.elf does not
c:/program files (x86)/atollic/truestudio for stm32 9.3.0/armtools/bin/../lib/gcc/arm-atollic-eabi/6.3.1/../../../../arm-atollic-eabi/bin/ld.exe: failed to merge target specific data of file Libraries\STM32F4xx_StdPeriph_Driver\src\stm32f4xx_usart.o
c:/program files (x86)/atollic/truestudio for stm32 9.3.0/armtools/bin/../lib/gcc/arm-atollic-eabi/6.3.1/../../../../arm-atollic-eabi/bin/ld.exe: error: Libraries\STM32F4xx_StdPeriph_Driver\src\stm32f4xx_wwdg.o uses VFP register arguments, 036_STDP_DAC.elf does not
c:/program files (x86)/atollic/truestudio for stm32 9.3.0/armtools/bin/../lib/gcc/arm-atollic-eabi/6.3.1/../../../../arm-atollic-eabi/bin/ld.exe: failed to merge target specific data of file Libraries\STM32F4xx_StdPeriph_Driver\src\stm32f4xx_wwdg.o
c:/program files (x86)/atollic/truestudio for stm32 9.3.0/armtools/bin/../lib/gcc/arm-atollic-eabi/6.3.1/../../../../arm-atollic-eabi/bin/ld.exe: error: Utilities\STM32F4-Discovery\stm32f4_discovery.o uses VFP register arguments, 036_STDP_DAC.elf does not
c:/program files (x86)/atollic/truestudio for stm32 9.3.0/armtools/bin/../lib/gcc/arm-atollic-eabi/6.3.1/../../../../arm-atollic-eabi/bin/ld.exe: failed to merge target specific data of file Utilities\STM32F4-Discovery\stm32f4_discovery.o
c:/program files (x86)/atollic/truestudio for stm32 9.3.0/armtools/bin/../lib/gcc/arm-atollic-eabi/6.3.1/../../../../arm-atollic-eabi/bin/ld.exe: error: Utilities\STM32F4-Discovery\stm32f4_discovery_audio_codec.o uses VFP register arguments, 036_STDP_DAC.elf does not
c:/program files (x86)/atollic/truestudio for stm32 9.3.0/armtools/bin/../lib/gcc/arm-atollic-eabi/6.3.1/../../../../arm-atollic-eabi/bin/ld.exe: failed to merge target specific data of file Utilities\STM32F4-Discovery\stm32f4_discovery_audio_codec.o
c:/program files (x86)/atollic/truestudio for stm32 9.3.0/armtools/bin/../lib/gcc/arm-atollic-eabi/6.3.1/../../../../arm-atollic-eabi/bin/ld.exe: error: Utilities\STM32F4-Discovery\stm32f4_discovery_lis302dl.o uses VFP register arguments, 036_STDP_DAC.elf does not
c:/program files (x86)/atollic/truestudio for stm32 9.3.0/armtools/bin/../lib/gcc/arm-atollic-eabi/6.3.1/../../../../arm-atollic-eabi/bin/ld.exe: failed to merge target specific data of file Utilities\STM32F4-Discovery\stm32f4_discovery_lis302dl.o
c:/program files (x86)/atollic/truestudio for stm32 9.3.0/armtools/bin/../lib/gcc/arm-atollic-eabi/6.3.1/../../../../arm-atollic-eabi/bin/ld.exe: error: src\main.o uses VFP register arguments, 036_STDP_DAC.elf does not
c:/program files (x86)/atollic/truestudio for stm32 9.3.0/armtools/bin/../lib/gcc/arm-atollic-eabi/6.3.1/../../../../arm-atollic-eabi/bin/ld.exe: failed to merge target specific data of file src\main.o
c:/program files (x86)/atollic/truestudio for stm32 9.3.0/armtools/bin/../lib/gcc/arm-atollic-eabi/6.3.1/../../../../arm-atollic-eabi/bin/ld.exe: error: src\stm32f4xx_it.o uses VFP register arguments, 036_STDP_DAC.elf does not
c:/program files (x86)/atollic/truestudio for stm32 9.3.0/armtools/bin/../lib/gcc/arm-atollic-eabi/6.3.1/../../../../arm-atollic-eabi/bin/ld.exe: failed to merge target specific data of file src\stm32f4xx_it.o
c:/program files (x86)/atollic/truestudio for stm32 9.3.0/armtools/bin/../lib/gcc/arm-atollic-eabi/6.3.1/../../../../arm-atollic-eabi/bin/ld.exe: error: src\system_stm32f4xx.o uses VFP register arguments, 036_STDP_DAC.elf does not
c:/program files (x86)/atollic/truestudio for stm32 9.3.0/armtools/bin/../lib/gcc/arm-atollic-eabi/6.3.1/../../../../arm-atollic-eabi/bin/ld.exe: failed to merge target specific data of file src\system_stm32f4xx.o
c:/program files (x86)/atollic/truestudio for stm32 9.3.0/armtools/bin/../lib/gcc/arm-atollic-eabi/6.3.1/../../../../arm-atollic-eabi/bin/ld.exe: error: src\tiny_printf.o uses VFP register arguments, 036_STDP_DAC.elf does not
c:/program files (x86)/atollic/truestudio for stm32 9.3.0/armtools/bin/../lib/gcc/arm-atollic-eabi/6.3.1/../../../../arm-atollic-eabi/bin/ld.exe: failed to merge target specific data of file src\tiny_printf.o
collect2.exe: error: ld returned 1 exit status

16:26:45 Build Finished (took 379ms)

